2025-04-16 19:20:23.252 [info] Reading sessions from keychain...
2025-04-16 19:20:23.252 [info] Getting sessions for all scopes...
2025-04-16 19:20:23.252 [info] Getting sessions for all scopes...
2025-04-16 19:20:23.252 [info] Got stored sessions!
2025-04-16 19:20:23.252 [info] Got 1 verified sessions.
2025-04-16 19:20:23.252 [info] Got 1 sessions for ...
2025-04-16 19:20:23.252 [info] Got 1 sessions for ...
2025-04-16 19:20:23.252 [info] Getting sessions for all scopes...
2025-04-16 19:20:23.252 [info] Got 1 sessions for ...
2025-04-16 19:20:23.252 [info] Getting sessions for all scopes...
2025-04-16 19:20:23.252 [info] Got 1 sessions for ...
2025-04-16 19:20:23.252 [info] Getting sessions for all scopes...
2025-04-16 19:20:23.252 [info] Got 1 sessions for ...
2025-04-16 19:20:23.252 [info] Getting sessions for all scopes...
2025-04-16 19:20:23.252 [info] Got 1 sessions for ...
2025-04-16 19:20:23.252 [info] Getting sessions for all scopes...
2025-04-16 19:20:23.252 [info] Got 1 sessions for ...
2025-04-16 19:20:23.252 [info] Getting sessions for all scopes...
2025-04-16 19:20:23.252 [info] Got 1 sessions for ...
2025-04-16 19:20:23.252 [info] Getting sessions for all scopes...
2025-04-16 19:20:23.252 [info] Got 1 sessions for ...
2025-04-16 19:20:23.677 [info] Getting sessions for all scopes...
2025-04-16 19:20:23.677 [info] Got 1 sessions for ...
2025-04-16 19:20:24.196 [info] Getting sessions for read:user,repo,user:email,workflow...
2025-04-16 19:20:24.196 [info] Got 1 sessions for read:user,repo,user:email,workflow...
2025-04-16 19:20:24.852 [info] Getting sessions for read:user,repo,user:email,workflow...
2025-04-16 19:20:24.852 [info] Got 1 sessions for read:user,repo,user:email,workflow...
2025-04-16 19:24:23.067 [info] Getting sessions for read:user,repo,user:email,workflow...
2025-04-16 19:24:23.067 [info] Got 1 sessions for read:user,repo,user:email,workflow...
2025-04-16 19:24:23.702 [info] Getting sessions for read:user,repo,user:email,workflow...
2025-04-16 19:24:23.702 [info] Got 1 sessions for read:user,repo,user:email,workflow...
