2025-04-17 09:08:44.774 [info] Reading sessions from keychain...
2025-04-17 09:08:44.774 [info] Getting sessions for all scopes...
2025-04-17 09:08:44.774 [info] Getting sessions for all scopes...
2025-04-17 09:08:44.774 [info] Got stored sessions!
2025-04-17 09:08:44.774 [info] Got 1 verified sessions.
2025-04-17 09:08:44.774 [info] Got 1 sessions for ...
2025-04-17 09:08:44.774 [info] Got 1 sessions for ...
2025-04-17 09:08:44.774 [info] Getting sessions for all scopes...
2025-04-17 09:08:44.774 [info] Got 1 sessions for ...
2025-04-17 09:08:44.774 [info] Getting sessions for all scopes...
2025-04-17 09:08:44.774 [info] Got 1 sessions for ...
2025-04-17 09:08:44.774 [info] Getting sessions for all scopes...
2025-04-17 09:08:44.774 [info] Got 1 sessions for ...
2025-04-17 09:08:44.774 [info] Getting sessions for all scopes...
2025-04-17 09:08:44.774 [info] Got 1 sessions for ...
2025-04-17 09:08:44.774 [info] Getting sessions for all scopes...
2025-04-17 09:08:44.774 [info] Got 1 sessions for ...
2025-04-17 09:08:44.774 [info] Getting sessions for all scopes...
2025-04-17 09:08:44.774 [info] Got 1 sessions for ...
2025-04-17 09:08:44.774 [info] Getting sessions for all scopes...
2025-04-17 09:08:44.774 [info] Got 1 sessions for ...
2025-04-17 09:08:44.774 [info] Getting sessions for all scopes...
2025-04-17 09:08:44.774 [info] Got 1 sessions for ...
2025-04-17 09:08:45.556 [info] Getting sessions for read:user,repo,user:email,workflow...
2025-04-17 09:08:45.556 [info] Got 1 sessions for read:user,repo,user:email,workflow...
2025-04-17 09:08:46.273 [info] Getting sessions for read:user,repo,user:email,workflow...
2025-04-17 09:08:46.275 [info] Got 1 sessions for read:user,repo,user:email,workflow...
