2025-04-16 15:34:35.206 [info] Experiment 'pythonaa' is active
2025-04-16 15:34:35.206 [info] Experiment 'pythonRecommendTensorboardExt' is active
2025-04-16 15:34:35.206 [info] Experiment 'pythonTerminalEnvVarActivation' is active
2025-04-16 15:34:35.206 [info] Native locator: Refresh started
2025-04-16 15:34:35.206 [info] Native locator: Refresh started
2025-04-16 15:34:35.360 [info] > pyenv which python
2025-04-16 15:34:35.361 [info] cwd: .
2025-04-16 15:34:35.604 [info] Native locator: Refresh finished in 3361 ms
2025-04-16 15:34:35.615 [info] Python interpreter path: ./env/bin/python
2025-04-16 15:34:35.789 [info] > . ./env/bin/activate && echo 'e8b39361-0157-4923-80e1-22d70d46dee6' && python ~/.vscode/extensions/ms-python.python-2025.4.0-linux-x64/python_files/printEnvVariables.py
2025-04-16 15:34:35.789 [info] shell: bash
2025-04-16 15:34:35.870 [info] > /bin/python ~/.vscode/extensions/ms-python.python-2025.4.0-linux-x64/python_files/printEnvVariables.py
2025-04-16 15:34:35.870 [info] shell: bash
2025-04-16 15:34:36.021 [info] Setting environment variable VIRTUAL_ENV in collection to /home/HaroldUser/Desktop/mi_proyecto_api/env {"applyAtShellIntegration":true,"applyAtProcessCreation":true}
2025-04-16 15:34:36.021 [info] Setting environment variable VIRTUAL_ENV_PROMPT in collection to env {"applyAtShellIntegration":true,"applyAtProcessCreation":true}
2025-04-16 15:34:36.022 [info] Prepending environment variable PS1 in collection with env {"applyAtShellIntegration":true,"applyAtProcessCreation":false}
2025-04-16 15:34:36.022 [info] Prepending environment variable PATH in collection with /home/HaroldUser/.vscode/extensions/ms-python.python-2025.4.0-linux-x64/python_files/deactivate/bash:/home/HaroldUser/Desktop/mi_proyecto_api/env/bin: {"applyAtShellIntegration":true,"applyAtProcessCreation":true}
2025-04-16 15:34:36.026 [info] Send text to terminal: /bin/python /home/HaroldUser/.vscode/extensions/ms-python.python-2025.4.0-linux-x64/python_files/printEnvVariablesToFile.py /home/HaroldUser/.vscode/extensions/ms-python.python-2025.4.0-linux-x64/python_files/deactivate/bash/envVars.txt
2025-04-16 15:34:37.422 [info] Starting Pylance language server.
2025-04-16 16:31:50.551 [info] Discover tests for workspace name: mi_proyecto_api - uri: /home/HaroldUser/Desktop/mi_proyecto_api/main.py
2025-04-16 16:41:13.106 [info] Discover tests for workspace name: mi_proyecto_api - uri: /home/HaroldUser/Desktop/mi_proyecto_api/main.py
2025-04-16 16:42:22.556 [info] Discover tests for workspace name: mi_proyecto_api - uri: /home/HaroldUser/Desktop/mi_proyecto_api/main.py
2025-04-16 16:46:26.153 [info] Discover tests for workspace name: mi_proyecto_api - uri: /home/HaroldUser/Desktop/mi_proyecto_api/main.py
2025-04-16 16:47:57.765 [info] Discover tests for workspace name: mi_proyecto_api - uri: /home/HaroldUser/Desktop/mi_proyecto_api/main.py
