2025-04-18 20:52:48.514 [info] Reading sessions from keychain...
2025-04-18 20:52:48.515 [info] Getting sessions for all scopes...
2025-04-18 20:52:48.515 [info] Getting sessions for all scopes...
2025-04-18 20:52:48.515 [info] Getting sessions for all scopes...
2025-04-18 20:52:48.515 [info] Got stored sessions!
2025-04-18 20:52:48.515 [info] Got 1 verified sessions.
2025-04-18 20:52:48.515 [info] Got 1 sessions for ...
2025-04-18 20:52:48.515 [info] Got 1 sessions for ...
2025-04-18 20:52:48.515 [info] Got 1 sessions for ...
2025-04-18 20:52:48.515 [info] Getting sessions for all scopes...
2025-04-18 20:52:48.515 [info] Got 1 sessions for ...
2025-04-18 20:52:48.515 [info] Getting sessions for all scopes...
2025-04-18 20:52:48.515 [info] Got 1 sessions for ...
2025-04-18 20:52:48.515 [info] Getting sessions for all scopes...
2025-04-18 20:52:48.515 [info] Got 1 sessions for ...
2025-04-18 20:52:48.515 [info] Getting sessions for all scopes...
2025-04-18 20:52:48.515 [info] Got 1 sessions for ...
2025-04-18 20:52:48.515 [info] Getting sessions for all scopes...
2025-04-18 20:52:48.515 [info] Got 1 sessions for ...
2025-04-18 20:52:48.515 [info] Getting sessions for all scopes...
2025-04-18 20:52:48.515 [info] Got 1 sessions for ...
2025-04-18 20:52:49.882 [info] Getting sessions for all scopes...
2025-04-18 20:52:49.882 [info] Got 1 sessions for ...
