2025-04-18 20:52:46.065 [info] Extension host with pid 3944 started
2025-04-18 20:52:46.255 [info] ExtensionService#_doActivateExtension vscode.github-authentication, startup: false, activationEvent: 'onAuthenticationRequest:github'
2025-04-18 20:52:46.539 [info] ExtensionService#_doActivateExtension vscode.git-base, startup: true, activationEvent: '*', root cause: vscode.git
2025-04-18 20:52:46.553 [info] ExtensionService#_doActivateExtension ckolkman.vscode-postgres, startup: true, activationEvent: '*'
2025-04-18 20:52:47.246 [info] ExtensionService#_doActivateExtension ms-vscode.test-adapter-converter, startup: true, activationEvent: '*', root cause: hbenl.vscode-test-explorer
2025-04-18 20:52:47.660 [info] ExtensionService#_doActivateExtension vscode.git, startup: true, activationEvent: '*'
2025-04-18 20:52:47.935 [info] ExtensionService#_doActivateExtension vscode.github, startup: true, activationEvent: '*'
2025-04-18 20:52:48.064 [info] ExtensionService#_doActivateExtension hbenl.vscode-test-explorer, startup: true, activationEvent: '*'
2025-04-18 20:52:48.497 [info] Eager extensions activated
2025-04-18 20:52:48.822 [info] ExtensionService#_doActivateExtension vscode.debug-auto-launch, startup: false, activationEvent: 'onStartupFinished'
2025-04-18 20:52:48.841 [info] ExtensionService#_doActivateExtension vscode.merge-conflict, startup: false, activationEvent: 'onStartupFinished'
2025-04-18 20:52:48.933 [info] ExtensionService#_doActivateExtension formulahendry.code-runner, startup: false, activationEvent: 'onStartupFinished'
2025-04-18 20:52:49.058 [info] ExtensionService#_doActivateExtension ms-python.python, startup: false, activationEvent: 'onStartupFinished', root cause: littlefoxteam.vscode-python-test-adapter
2025-04-18 20:52:50.400 [info] ExtensionService#_doActivateExtension littlefoxteam.vscode-python-test-adapter, startup: false, activationEvent: 'onStartupFinished'
2025-04-18 20:52:50.769 [info] ExtensionService#_doActivateExtension ms-python.vscode-pylance, startup: false, activationEvent: 'api', root cause: ms-python.python
2025-04-18 20:53:23.646 [info] ExtensionService#_doActivateExtension vscode.emmet, startup: false, activationEvent: 'onLanguage'
2025-04-18 21:15:09.334 [info] Extension host terminating: renderer closed the MessagePort
2025-04-18 21:15:09.454 [error] Canceled: Canceled
	at new HR (file:///opt/visual-studio-code/resources/app/out/vs/workbench/api/node/extensionHostProcess.js:29:111362)
	at i4.U (file:///opt/visual-studio-code/resources/app/out/vs/workbench/api/node/extensionHostProcess.js:29:115973)
	at s.<computed>.n.charCodeAt.s.<computed> (file:///opt/visual-studio-code/resources/app/out/vs/workbench/api/node/extensionHostProcess.js:29:113467)
	at vw.g (file:///opt/visual-studio-code/resources/app/out/vs/workbench/api/node/extensionHostProcess.js:111:40983)
	at vw.executeCommand (file:///opt/visual-studio-code/resources/app/out/vs/workbench/api/node/extensionHostProcess.js:111:40487)
	at r.registerCommand.description (file:///opt/visual-studio-code/resources/app/out/vs/workbench/api/node/extensionHostProcess.js:111:39817)
	at vw.h (file:///opt/visual-studio-code/resources/app/out/vs/workbench/api/node/extensionHostProcess.js:111:41503)
	at vw.g (file:///opt/visual-studio-code/resources/app/out/vs/workbench/api/node/extensionHostProcess.js:111:40580)
	at vw.executeCommand (file:///opt/visual-studio-code/resources/app/out/vs/workbench/api/node/extensionHostProcess.js:111:40487)
	at Object.executeCommand (file:///opt/visual-studio-code/resources/app/out/vs/workbench/api/node/extensionHostProcess.js:173:30346)
	at B.dispose (/home/HaroldUser/.vscode/extensions/ms-vscode.test-adapter-converter-0.2.1/out/extension.js:9:458)
	at pi (file:///opt/visual-studio-code/resources/app/out/vs/workbench/api/node/extensionHostProcess.js:25:701)
	at file:///opt/visual-studio-code/resources/app/out/vs/workbench/api/node/extensionHostProcess.js:115:14994
	at file:///opt/visual-studio-code/resources/app/out/vs/workbench/api/node/extensionHostProcess.js:25:1011
	at Object.dispose (file:///opt/visual-studio-code/resources/app/out/vs/workbench/api/node/extensionHostProcess.js:8:705)
	at vV.eb (file:///opt/visual-studio-code/resources/app/out/vs/workbench/api/node/extensionHostProcess.js:115:11921)
	at file:///opt/visual-studio-code/resources/app/out/vs/workbench/api/node/extensionHostProcess.js:115:9876
	at Array.map (<anonymous>)
	at vV.$ (file:///opt/visual-studio-code/resources/app/out/vs/workbench/api/node/extensionHostProcess.js:115:9864)
	at vV.terminate (file:///opt/visual-studio-code/resources/app/out/vs/workbench/api/node/extensionHostProcess.js:115:10107)
	at oD.terminate (file:///opt/visual-studio-code/resources/app/out/vs/workbench/api/node/extensionHostProcess.js:116:1434)
	at es (file:///opt/visual-studio-code/resources/app/out/vs/workbench/api/node/extensionHostProcess.js:197:5701)
	at MessagePortMain.<anonymous> (file:///opt/visual-studio-code/resources/app/out/vs/workbench/api/node/extensionHostProcess.js:197:2249)
	at MessagePortMain.emit (node:events:518:28)
	at MessagePortMain._internalPort.emit (node:electron/js2c/utility_init:2:2949) setContext undefined
2025-04-18 21:15:09.465 [info] Extension host with pid 3944 exiting with code 0
