2025-04-16 17:39:05.240 [info] Reading sessions from keychain...
2025-04-16 17:39:05.240 [info] Getting sessions for all scopes...
2025-04-16 17:39:05.240 [info] Getting sessions for all scopes...
2025-04-16 17:39:05.240 [info] Getting sessions for all scopes...
2025-04-16 17:39:05.240 [info] Getting sessions for all scopes...
2025-04-16 17:39:05.241 [info] Getting sessions for all scopes...
2025-04-16 17:39:05.241 [info] Getting sessions for all scopes...
2025-04-16 17:39:05.241 [info] Getting sessions for all scopes...
2025-04-16 17:39:05.441 [info] Got stored sessions!
2025-04-16 17:39:05.442 [info] Got 1 verified sessions.
2025-04-16 17:39:05.442 [info] Got 1 sessions for ...
2025-04-16 17:39:05.442 [info] Got 1 sessions for ...
2025-04-16 17:39:05.442 [info] Got 1 sessions for ...
2025-04-16 17:39:05.442 [info] Got 1 sessions for ...
2025-04-16 17:39:05.442 [info] Got 1 sessions for ...
2025-04-16 17:39:05.442 [info] Got 1 sessions for ...
2025-04-16 17:39:05.442 [info] Got 1 sessions for ...
2025-04-16 17:39:07.811 [info] Getting sessions for all scopes...
2025-04-16 17:39:07.811 [info] Got 1 sessions for ...
2025-04-16 17:39:10.098 [info] Getting sessions for all scopes...
2025-04-16 17:39:10.098 [info] Got 1 sessions for ...
2025-04-16 17:39:10.256 [info] Getting sessions for read:user,repo,user:email,workflow...
2025-04-16 17:39:10.256 [info] Got 1 sessions for read:user,repo,user:email,workflow...
2025-04-16 17:39:11.966 [info] Getting sessions for all scopes...
2025-04-16 17:39:11.966 [info] Got 1 sessions for ...
2025-04-16 17:39:12.270 [info] Getting sessions for read:user,repo,user:email,workflow...
2025-04-16 17:39:12.270 [info] Got 1 sessions for read:user,repo,user:email,workflow...
