2025-04-17 08:55:37.574 [info] [main] Log level: Info
2025-04-17 08:55:37.574 [info] [main] Validating found git in: "git"
2025-04-17 08:55:37.575 [info] [main] Using git "2.49.0" from "git"
2025-04-17 08:55:37.575 [info] [Model][doInitialScan] Initial repository scan started
2025-04-17 08:55:37.575 [info] > git rev-parse --show-toplevel [21ms]
2025-04-17 08:55:37.575 [info] fatal: not a git repository (or any of the parent directories): .git
2025-04-17 08:55:37.575 [info] > git rev-parse --show-toplevel [53ms]
2025-04-17 08:55:37.575 [info] fatal: not a git repository (or any of the parent directories): .git
2025-04-17 08:55:37.580 [info] > git rev-parse --show-toplevel [21ms]
2025-04-17 08:55:37.580 [info] fatal: not a git repository (or any of the parent directories): .git
2025-04-17 08:55:37.608 [info] > git rev-parse --show-toplevel [15ms]
2025-04-17 08:55:37.622 [info] > git rev-parse --git-dir --git-common-dir [3ms]
2025-04-17 08:55:37.660 [info] [Model][openRepository] Opened repository: /home/HaroldUser/Desktop/mi_proyecto_api/templates
2025-04-17 08:55:37.672 [info] [Model][doInitialScan] Initial repository scan completed - repositories (1), closed repositories (0), parent repositories (0), unsafe repositories (0)
2025-04-17 08:55:37.696 [info] > git config --get commit.template [10ms]
2025-04-17 08:55:37.827 [info] > git for-each-ref --format=%(refname)%00%(upstream:short)%00%(objectname)%00%(upstream:track)%00%(upstream:remotename)%00%(upstream:remoteref) refs/heads/master refs/remotes/master [58ms]
2025-04-17 08:55:37.921 [info] > git status -z -uall [26ms]
2025-04-17 08:55:37.934 [info] > git for-each-ref --sort -committerdate --format %(refname)%00%(objectname)%00%(*objectname) [19ms]
2025-04-17 08:55:38.017 [info] > git for-each-ref --format=%(refname)%00%(upstream:short)%00%(objectname)%00%(upstream:track)%00%(upstream:remotename)%00%(upstream:remoteref) refs/heads/master refs/remotes/master [21ms]
2025-04-17 08:55:38.043 [info] > git config --get --local branch.master.vscode-merge-base [11ms]
2025-04-17 08:55:38.054 [info] > git config --get commit.template [39ms]
2025-04-17 08:55:38.060 [info] > git for-each-ref --format=%(refname)%00%(upstream:short)%00%(objectname)%00%(upstream:track)%00%(upstream:remotename)%00%(upstream:remoteref) refs/heads/origin/master refs/remotes/origin/master [7ms]
2025-04-17 08:55:38.098 [info] > git merge-base refs/heads/master refs/remotes/origin/master [23ms]
2025-04-17 08:55:38.109 [info] > git for-each-ref --format=%(refname)%00%(upstream:short)%00%(objectname)%00%(upstream:track)%00%(upstream:remotename)%00%(upstream:remoteref) refs/heads/master refs/remotes/master [15ms]
2025-04-17 08:55:38.164 [info] > git diff --name-status -z --diff-filter=ADMR 52d77afd46a6d48d389a637258c0150d45890509...refs/remotes/origin/master [56ms]
2025-04-17 08:55:38.191 [info] > git status -z -uall [14ms]
2025-04-17 08:55:38.193 [info] > git for-each-ref --sort -committerdate --format %(refname)%00%(objectname)%00%(*objectname) [5ms]
2025-04-17 08:55:38.415 [info] > git check-ignore -v -z --stdin [48ms]
