[10303][1744777382540][main][info]["Booting Postman 11.40.5, linux-6.14.2-arch1-1 on x64"]
[10303][1744777382549][main][info]["EventBus~initialize - Success"]
[10303][1744777382554][main][info]["Proxy configuration has not been setup"]
[10303][1744777382556][main][info]["CloudProxyManager~init - Success"]
[10303][1744777382664][main][info]["performShellDataMigration: Starting shell data migration"]
[10303][1744777382665][main][info]["migrateShellData:Starting"]
[10303][1744777382673][main][info]["migrateShellData: Old storage cleaned up"]
[10303][1744777383038][main][info]["migrateShellData: Got data from shell. Writing to storage"]
[10303][1744777383053][main][info]["performShellDataMigration: Migration successful on try count 1"]
[10303][1744777383072][main][info]["UpdateHandler~init - Success"]
[10303][1744777383077][main][info]["LeaderSelection: Initialized successfully"]
[10303][1744777383095][main][info]["GPU detected VID 32902 DID 278 ACTIVE true"]
[10303][1744777383098][main][info]["shellController~init: Success"]
[10303][1744777383098][main][info]["shellMeta~init: Success"]
[10303][1744777383098][main][info]["partitionMigrationService: State of V7 partition:"]
[10303][1744777383099][main][info]["partitionMigrationService: V7 partitions",[]]
[10303][1744777383099][main][info]["partitionMigrationService~rectifyNamespaceOfScratchPadPartition: There is no partition with scratchpad namespace"]
[10303][1744777383100][main][info]["partitionMigrationService~rectifyNamespaceOfScratchPadPartition: There is no transit partition which could have been used for scratchpad"]
[10303][1744777383100][main][info]["partitionMigrationService~init: Success"]
[10303][1744777383101][main][info]["partitionMigrationService~runV8PartitionsIntegrity: Two way migration~ removing the following partitions from v8",[]]
[10303][1744777383101][main][info]["userPartitionService~_rectifyTheActivePartitionOfApplication: Setting the active partition to ",null]
[10303][1744777383133][main][info]["LinuxAutoUpdater~Cleanup - Initial cleanup successful"]
[10303][1744777383139][main][info]["newAccountRegionPreferenceService~getPreferenceWithFallback - Preference not found in storage."]
[10303][1744777383140][main][info]["newAccountRegionPreferenceService~getToggleMenuTemplate - Using preference:","useUSRegion"]
[10303][1744777383159][main][info]["userPartitionService~init: Success"]
[10303][1744777383194][main][info]["userPartitionService: State of v8 partition system:"]
[10303][1744777383195][main][info]["shell~init~getPartitionToLoad: loading scratchpad partition"]
[10303][1744777383195][main][info]["userPartitionService: List of partitions:",[]]
[10303][1744777383195][main][info]["userPartitionService: users global meta:",{}]
[10303][1744777383215][main][info]["Main:windowManager~newRequesterWindow: Fetch and update runtime config: undefined"]
[10303][1744777388757][main][info]["RuntimeIPCAgent~started: Success"]
[10303][1744777388801][main][info]["Main~scratchpadThemeAction:: action: set, value: light"]
[10303][1744777388809][main][info]["Main~scratchpadThemeAction:: action: set, value: light"]
[10303][1744777388855][main][info]["Main~scratchpadThemeAction:: action: set, value: light"]
[10303][1744777388877][main][info]["UpdateHandler~app-update-events - Received event",{"name":"checkForElectronVersionUpdated","namespace":"appUpdate"}]
[10303][1744777388894][main][info]["windowManager: First requester booted successfully."]
[10303][1744777388895][main][info]["windowManager~restoreWindows: Restoring requester windows"]
[10303][1744777388896][main][info]["WebVersionService: Initialized successfully with version: undefined"]
[10303][1744777388896][main][info]["Main~AppEvents - Received booted event for process requester.Version undefined UI Version: undefined Desktop Platform Version: 11.40.5"]
[10303][1744777399451][main][info]["Main - model-events~user - (users, add) received"]
[10303][1744777399509][main][info]["WebVersionService: Resetting UI version as user logged out/switched account"]
[10303][1744777399510][main][info]["WebVersionService: Resetting web app version"]
[10303][1744777400011][main][info]["AuthHandler~open: Received dom-ready event."]
[10303][1744777400015][main][info]["AuthHandler~open: Received did-finish-load event."]
[10303][1744777400255][main][warn]["AuthHandler~open: Current app is not default protocol client - Falling back to polling mechanism."]
[10303][1744777400257][main][info]["newAccountRegionPreferenceService~getPreferenceWithFallback - Preference not found in storage."]
[10303][1744777400257][main][info]["newAccountRegionPreferenceService~getRegionPreference - Using preference:","useUSRegion"]
[10303][1744777400258][main][info]["AuthHandler~open: new Account region preference:","us"]
[10303][1744777400258][main][info]["AuthHandler~open: get multiLoginToken token."]
[10303][1744777400259][main][info]["AuthHandler~open: Publishing initialize event to auth-window channel."]
[10303][1744777437725][main][info]["Shell~init~loginUser: associating the user ","44134783"," with transit partition"]
[10303][1744777437728][main][info]["userPartitionService~getNewPartitionId: creating a partition with userId and teamId as 0"]
[10303][1744777437770][main][info]["userPartitionService~associateTransitPartition: ",{"partitionId":"5ae1e692-8e05-49b0-a974-dbda7bda7283","context":{"namespace":"users","userId":"44134783","teamId":"0","region":"us"}}]
[10303][1744777437805][main][info]["userPartitionService: State of v8 partition system:"]
[10303][1744777437806][main][info]["userPartitionService: List of partitions:",[{"partitionId":"5ae1e692-8e05-49b0-a974-dbda7bda7283","namespace":"users","userId":"44134783","teamId":"0","lastUpdated":"2025-04-16T04:23:57.770Z"},{"partitionId":"af4baee5-fb1d-41a3-8598-0034e0f03391","namespace":"scratchPad","userId":0,"teamId":0,"isDirty":false}]]
[10303][1744777437807][main][info]["userPartitionService: users global meta:",{}]
[10303][1744777437815][main][info]["Main:windowManager~newRequesterWindow: Fetch and update runtime config: us"]
[10303][1744777437885][main][info]["getDesktopReleaseVersionAsQueryParams: webVersion: "]
[10303][1744777442752][main][info]["Main~getRemoteInitPath:: "]
[10303][1744777442969][main][info]["Main - model-events~user - (user, update) received"]
[10303][1744777442976][main][info]["Main~reload: https://desktop.postman.com/?desktopVersion=11.40.5&userId=44134783&teamId=0&region=us"]
[10303][1744777444952][main][info]["Main~getRemoteInitPath:: "]
[10303][1744777445161][main][info]["Main - model-events~user - (user, update) received"]
[10303][1744777445815][main][info]["UpdateHandler~app-update-events - Received event",{"name":"checkForElectronVersionUpdated","namespace":"appUpdate"}]
[10303][1744777445828][main][info]["INTERCEPTOR CONNECTIVITY: Connecting to Interceptor Bridge"]
[10303][1744777445867][main][info]["windowManager: First requester booted successfully."]
[10303][1744777445868][main][info]["windowManager~restoreWindows: Restoring requester windows"]
[10303][1744777445868][main][info]["WebVersionService: Initialized successfully with version: 11.41.1-ui-250415-1220"]
[10303][1744777445869][main][info]["Main~AppEvents - Received booted event for process requester.Version 11.41.1-250415-1220 UI Version: 11.41.1-ui-250415-1220 Desktop Platform Version: 11.40.5"]
[10303][1744777446072][main][info]["Main~getRemoteInitPath:: "]
[10303][1744777446678][main][info]["INTERCEPTOR CONNECTIVITY: Attempting to start websocket server on port 15611"]
[10303][1744777447180][main][info]["Main~getPlatformLaunchPerfMetrics"]
[10303][1744777447244][main][info]["Main - model-events~user - (user, bootstrapUser) received"]
[10303][1744777447245][main][info]["model-events~user - bootstrapUser received"]
[10303][1744777447246][main][info]["Main - model-events~user - (user, bootstrapUser) received"]
[10303][1744777447246][main][info]["model-events~user - bootstrapUser received"]
[10303][1744777480819][main][error]["Error while retrieving user key from keychain",{"name":"Error","message":"The name is not activatable","stack":"Error: The name is not activatable"}]
[10303][1744777812932][main][info]["WindowManager~closeHandler - Closed Window (id: 4 )"]
[10303][1744777813076][main][info]["Quitting app"]
[2012][1744812010082][main][info]["Booting Postman 11.40.5, linux-6.14.2-arch1-1 on x64"]
[2012][1744812010092][main][info]["EventBus~initialize - Success"]
[2012][1744812010101][main][info]["Proxy configuration has not been setup"]
[2012][1744812010104][main][info]["CloudProxyManager~init - Success"]
[2012][1744812010246][main][info]["performShellDataMigration: Migration has already been done. Bailing out"]
[2012][1744812010258][main][info]["UpdateHandler~init - Success"]
[2012][1744812010265][main][info]["LeaderSelection: Initialized successfully"]
[2012][1744812010283][main][info]["GPU detected VID 32902 DID 278 ACTIVE true"]
[2012][1744812010286][main][info]["shellController~init: Success"]
[2012][1744812010287][main][info]["shellMeta~init: Success"]
[2012][1744812010287][main][info]["partitionMigrationService: State of V7 partition:"]
[2012][1744812010288][main][info]["partitionMigrationService: V7 partitions",[]]
[2012][1744812010288][main][info]["partitionMigrationService~rectifyNamespaceOfScratchPadPartition: There is no partition with scratchpad namespace"]
[2012][1744812010288][main][info]["partitionMigrationService~rectifyNamespaceOfScratchPadPartition: There is no transit partition which could have been used for scratchpad"]
[2012][1744812010289][main][info]["partitionMigrationService~init: Success"]
[2012][1744812010290][main][info]["partitionMigrationService~runV8PartitionsIntegrity: Two way migration~ removing the following partitions from v8",[]]
[2012][1744812010291][main][info]["userPartitionService~getRecentV8UserPartition: recent v8 user context partition ","5ae1e692-8e05-49b0-a974-dbda7bda7283"]
[2012][1744812010291][main][info]["userPartitionService~_rectifyTheActivePartitionOfApplication: Setting the active partition to ","5ae1e692-8e05-49b0-a974-dbda7bda7283"]
[2012][1744812010297][main][info]["LinuxAutoUpdater~Cleanup - Initial cleanup successful"]
[2012][1744812010300][main][info]["newAccountRegionPreferenceService~getPreferenceWithFallback - Preference not found in storage."]
[2012][1744812010301][main][info]["newAccountRegionPreferenceService~getToggleMenuTemplate - Using preference:","useUSRegion"]
[2012][1744812010316][main][info]["userPartitionService~init: Success"]
[2012][1744812010346][main][info]["userPartitionService: State of v8 partition system:"]
[2012][1744812010347][main][info]["shell~init~getPartitionToLoad: loading active partition"]
[2012][1744812010347][main][info]["userPartitionService: List of partitions:",[{"partitionId":"5ae1e692-8e05-49b0-a974-dbda7bda7283","namespace":"users","userId":"44134783","teamId":"0","lastUpdated":"2025-04-16T04:23:57.770Z"},{"partitionId":"af4baee5-fb1d-41a3-8598-0034e0f03391","namespace":"scratchPad","userId":0,"teamId":0,"isDirty":false}]]
[2012][1744812010348][main][info]["userPartitionService: users global meta:",{}]
[2012][1744812010348][main][info]["Main:windowManager~newRequesterWindow: Fetch and update runtime config: us"]
[2012][1744812010547][main][info]["getDesktopReleaseVersionAsQueryParams: webVersion: "]
[2012][1744812013433][main][info]["Main~getRemoteInitPath:: "]
[2012][1744812013573][main][info]["UpdateHandler~app-update-events - Received event",{"name":"checkForElectronVersionUpdated","namespace":"appUpdate"}]
[2012][1744812013583][main][info]["INTERCEPTOR CONNECTIVITY: Connecting to Interceptor Bridge"]
[2012][1744812013628][main][info]["windowManager: First requester booted successfully."]
[2012][1744812013630][main][info]["windowManager~restoreWindows: Restoring requester windows"]
[2012][1744812013631][main][info]["WebVersionService: Initialized successfully with version: 11.41.1-ui-250415-1220"]
[2012][1744812013632][main][info]["Main~AppEvents - Received booted event for process requester.Version 11.41.1-250415-1220 UI Version: 11.41.1-ui-250415-1220 Desktop Platform Version: 11.40.5"]
[2012][1744812013868][main][info]["Main~getRemoteInitPath:: "]
[2012][1744812014291][main][info]["INTERCEPTOR CONNECTIVITY: Attempting to start websocket server on port 15611"]
[2012][1744812018854][main][info]["RuntimeIPCAgent~started: Success"]
[2012][1744812019291][main][info]["Main - model-events~user - (user, bootstrapUser) received"]
[2012][1744812019292][main][info]["model-events~user - bootstrapUser received"]
[2012][1744812019409][main][info]["Main~getPlatformLaunchPerfMetrics"]
[2012][1744812019586][main][error]["Error while retrieving user key from keychain",{"name":"Error","message":"The name is not activatable","stack":"Error: The name is not activatable"}]
[2012][1744812024440][main][info]["UpdateHandler~app-update-events - Received event",{"name":"updateElectron","namespace":"appUpdate","data":{"channel":"stable","version":"11.40.5","downloadVersion":"11.41.2","appId":"7fb3b51f-5b10-4650-9c90-71c2fe16a4f5","userAgent":"Mozilla/5.0 (X11; Linux x86_64) AppleWebKit/537.36 (KHTML, like Gecko) Postman/11.40.5 Electron/31.3.1 Safari/537.36","platform":"LINUX","arch":"64","downloadURL":"https://dl.pstmn.io/download/version/11.41.2/linux_64","updateServerDomain":"https://dl.pstmn.io/","additionalParamsString":"installationId=7fb3b51f-5b10-4650-9c90-71c2fe16a4f5&userId=44134783&syncEnabled=true&teamPlan=sync-free-3-trial&teamId=7371683","userId":"44134783"}}]
[2012][1744812024442][main][info]["LinuxUpdater~downloadUpdate - UpdateInfo received",{"channel":"stable","version":"11.40.5","downloadVersion":"11.41.2","appId":"7fb3b51f-5b10-4650-9c90-71c2fe16a4f5","userAgent":"Mozilla/5.0 (X11; Linux x86_64) AppleWebKit/537.36 (KHTML, like Gecko) Postman/11.40.5 Electron/31.3.1 Safari/537.36","platform":"LINUX","arch":"64","downloadURL":"https://dl.pstmn.io/download/version/11.41.2/linux_64","updateServerDomain":"https://dl.pstmn.io/","additionalParamsString":"installationId=7fb3b51f-5b10-4650-9c90-71c2fe16a4f5&userId=44134783&syncEnabled=true&teamPlan=sync-free-3-trial&teamId=7371683","userId":"44134783"}]
[2012][1744812024803][main][error]["@postman/app-updater: error",{"errno":-13,"code":"EACCES","syscall":"open","path":"/opt/postman/Postman-1744812024444.tar.gz","name":"Error","message":"EACCES: permission denied, open '/opt/postman/Postman-1744812024444.tar.gz'","stack":"Error: EACCES: permission denied, open '/opt/postman/Postman-1744812024444.tar.gz'"},{"context":{"api":"@postman/app-updater","domain":"starship"},"info":"{\"packageName\":\"Postman\",\"eID\":\"Postman-1744812024444\",\"downloadURL\":\"https://dl.pstmn.io/download/version/11.41.2/linux_64\",\"downloadDirectory\":\"/opt/postman\",\"downloadInfo\":{\"status\":\"DOWNLOAD_ERROR\",\"error\":{\"errno\":-13,\"code\":\"EACCES\",\"syscall\":\"open\",\"path\":\"/opt/postman/Postman-1744812024444.tar.gz\"},\"downloadDirectory\":\"/opt/postman\"}}"}]
[2012][1744812024811][main][info]["UpdateHandler~app-update-events - Received event",{"name":"electronAppUpdateError","namespace":"appUpdate","data":{"error":{"errno":-13,"code":"EACCES","syscall":"open","path":"/opt/postman/Postman-1744812024444.tar.gz","name":"Error","message":"EACCES: permission denied, open '/opt/postman/Postman-1744812024444.tar.gz'","stack":"Error: EACCES: permission denied, open '/opt/postman/Postman-1744812024444.tar.gz'"},"updateData":{"packageName":"Postman","eID":"Postman-1744812024444","downloadURL":"https://dl.pstmn.io/download/version/11.41.2/linux_64","downloadDirectory":"/opt/postman","downloadInfo":{"status":"DOWNLOAD_ERROR","error":{"errno":-13,"code":"EACCES","syscall":"open","path":"/opt/postman/Postman-1744812024444.tar.gz"},"downloadDirectory":"/opt/postman"}}}}]
[2012][1744812253581][main][info]["WindowManager~closeHandler - Closed Window (id: 1 )"]
[2012][1744812253734][main][info]["Quitting app"]
