2025-04-16 15:34:32.746 [info] Reading sessions from keychain...
2025-04-16 15:34:32.746 [info] Getting sessions for all scopes...
2025-04-16 15:34:32.746 [info] Getting sessions for all scopes...
2025-04-16 15:34:32.747 [info] Getting sessions for all scopes...
2025-04-16 15:34:32.747 [info] Getting sessions for all scopes...
2025-04-16 15:34:32.747 [info] Getting sessions for all scopes...
2025-04-16 15:34:32.747 [info] Getting sessions for all scopes...
2025-04-16 15:34:32.747 [info] Getting sessions for all scopes...
2025-04-16 15:34:32.747 [info] Getting sessions for all scopes...
2025-04-16 15:34:32.747 [info] Got stored sessions!
2025-04-16 15:34:32.747 [info] Got 1 verified sessions.
2025-04-16 15:34:32.747 [info] Got 1 sessions for ...
2025-04-16 15:34:32.747 [info] Got 1 sessions for ...
2025-04-16 15:34:32.747 [info] Got 1 sessions for ...
2025-04-16 15:34:32.747 [info] Got 1 sessions for ...
2025-04-16 15:34:32.747 [info] Got 1 sessions for ...
2025-04-16 15:34:32.747 [info] Got 1 sessions for ...
2025-04-16 15:34:32.747 [info] Got 1 sessions for ...
2025-04-16 15:34:32.747 [info] Got 1 sessions for ...
2025-04-16 15:34:32.747 [info] Getting sessions for all scopes...
2025-04-16 15:34:32.747 [info] Got 1 sessions for ...
2025-04-16 15:34:35.157 [info] Getting sessions for all scopes...
2025-04-16 15:34:35.157 [info] Got 1 sessions for ...
2025-04-16 15:34:35.302 [info] Getting sessions for all scopes...
2025-04-16 15:34:35.302 [info] Got 1 sessions for ...
2025-04-16 16:31:17.050 [info] Getting sessions for read:user,repo,user:email,workflow...
2025-04-16 16:31:17.051 [info] Got 1 sessions for read:user,repo,user:email,workflow...
2025-04-16 16:31:18.120 [info] Getting sessions for read:user,repo,user:email,workflow...
2025-04-16 16:31:18.121 [info] Got 1 sessions for read:user,repo,user:email,workflow...
2025-04-16 16:55:23.612 [info] Getting sessions for read:user,repo,user:email,workflow...
2025-04-16 16:55:23.612 [info] Got 1 sessions for read:user,repo,user:email,workflow...
2025-04-16 16:55:24.945 [info] Getting sessions for read:user,repo,user:email,workflow...
2025-04-16 16:55:24.945 [info] Got 1 sessions for read:user,repo,user:email,workflow...
