2025-04-16 11:00:16.619 [info] Reading sessions from keychain...
2025-04-16 11:00:16.619 [info] Getting sessions for all scopes...
2025-04-16 11:00:16.619 [info] Getting sessions for all scopes...
2025-04-16 11:00:16.619 [info] Getting sessions for all scopes...
2025-04-16 11:00:16.619 [info] Getting sessions for all scopes...
2025-04-16 11:00:16.619 [info] Getting sessions for all scopes...
2025-04-16 11:00:16.619 [info] Getting sessions for all scopes...
2025-04-16 11:00:16.619 [info] Getting sessions for all scopes...
2025-04-16 11:00:16.619 [info] Got stored sessions!
2025-04-16 11:00:16.619 [info] Got 1 verified sessions.
2025-04-16 11:00:16.619 [info] Got 1 sessions for ...
2025-04-16 11:00:16.619 [info] Got 1 sessions for ...
2025-04-16 11:00:16.619 [info] Got 1 sessions for ...
2025-04-16 11:00:16.619 [info] Got 1 sessions for ...
2025-04-16 11:00:16.619 [info] Got 1 sessions for ...
2025-04-16 11:00:16.619 [info] Got 1 sessions for ...
2025-04-16 11:00:16.619 [info] Got 1 sessions for ...
2025-04-16 11:00:18.707 [info] Getting sessions for all scopes...
2025-04-16 11:00:18.708 [info] Got 1 sessions for ...
2025-04-16 11:00:19.322 [info] Getting sessions for all scopes...
2025-04-16 11:00:19.322 [info] Got 1 sessions for ...
2025-04-16 11:00:20.191 [info] Getting sessions for all scopes...
2025-04-16 11:00:20.191 [info] Got 1 sessions for ...
