2025-04-17 15:05:22.164 [info] Reading sessions from keychain...
2025-04-17 15:05:22.164 [info] Getting sessions for all scopes...
2025-04-17 15:05:22.164 [info] Getting sessions for all scopes...
2025-04-17 15:05:22.164 [info] Getting sessions for all scopes...
2025-04-17 15:05:22.164 [info] Got stored sessions!
2025-04-17 15:05:22.164 [info] Got 1 verified sessions.
2025-04-17 15:05:22.164 [info] Got 1 sessions for ...
2025-04-17 15:05:22.164 [info] Got 1 sessions for ...
2025-04-17 15:05:22.164 [info] Got 1 sessions for ...
2025-04-17 15:05:22.164 [info] Getting sessions for all scopes...
2025-04-17 15:05:22.164 [info] Got 1 sessions for ...
2025-04-17 15:05:22.164 [info] Getting sessions for all scopes...
2025-04-17 15:05:22.164 [info] Got 1 sessions for ...
2025-04-17 15:05:22.164 [info] Getting sessions for all scopes...
2025-04-17 15:05:22.164 [info] Got 1 sessions for ...
2025-04-17 15:05:22.164 [info] Getting sessions for all scopes...
2025-04-17 15:05:22.164 [info] Got 1 sessions for ...
2025-04-17 15:05:22.164 [info] Getting sessions for all scopes...
2025-04-17 15:05:22.164 [info] Got 1 sessions for ...
2025-04-17 15:05:24.578 [info] Getting sessions for all scopes...
2025-04-17 15:05:24.578 [info] Got 1 sessions for ...
2025-04-17 15:05:24.978 [info] Getting sessions for all scopes...
2025-04-17 15:05:24.978 [info] Got 1 sessions for ...
2025-04-17 15:05:25.222 [info] Getting sessions for all scopes...
2025-04-17 15:05:25.222 [info] Got 1 sessions for ...
2025-04-17 15:05:25.945 [info] Getting sessions for read:user,repo,user:email,workflow...
2025-04-17 15:05:25.945 [info] Got 1 sessions for read:user,repo,user:email,workflow...
2025-04-17 15:05:26.700 [info] Getting sessions for read:user,repo,user:email,workflow...
2025-04-17 15:05:26.701 [info] Got 1 sessions for read:user,repo,user:email,workflow...
