2025-04-17 08:55:38.919 [info] (Client) Pylance async client (2025.4.1) started with python extension (2025.4.0)
2025-04-17 08:55:39.962 [info] [Info  - 8:55:39 a. m.] (2958) Server root directory: file:///home/HaroldUser/.vscode/extensions/ms-python.vscode-pylance-2025.4.1/dist
2025-04-17 08:55:39.962 [info] [Info  - 8:55:39 a. m.] (2958) Pylance language server 2025.4.1 (pyright version 1.1.398, commit 4f24eccc) starting
2025-04-17 08:55:39.963 [info] [Info  - 8:55:39 a. m.] (2958) Starting service instance "mi_proyecto_api" for workspace "/home/HaroldUser/Desktop/mi_proyecto_api"
2025-04-17 08:55:40.101 [info] [Info  - 8:55:40 a. m.] (2958) Setting environmentName for service "mi_proyecto_api": "3.13.2 (env venv)"
2025-04-17 08:55:40.102 [info] [Info  - 8:55:40 a. m.] (2958) Setting pythonPath for service "mi_proyecto_api": "/home/HaroldUser/Desktop/mi_proyecto_api/env/bin/python"
2025-04-17 08:55:40.103 [info] [Info  - 8:55:40 a. m.] (2958) No include entries specified; assuming /home/HaroldUser/Desktop/mi_proyecto_api
2025-04-17 08:55:40.104 [info] [Info  - 8:55:40 a. m.] (2958) Auto-excluding **/node_modules
2025-04-17 08:55:40.105 [info] [Info  - 8:55:40 a. m.] (2958) Auto-excluding **/__pycache__
2025-04-17 08:55:40.105 [info] [Info  - 8:55:40 a. m.] (2958) Auto-excluding **/.*
2025-04-17 08:55:40.165 [info] [Info  - 8:55:40 a. m.] (2958) Assuming Python version 3.13.2.final.0
2025-04-17 08:55:40.455 [info] [Info  - 8:55:40 a. m.] (2958) Auto-excluding /home/HaroldUser/Desktop/mi_proyecto_api/env
2025-04-17 08:55:40.456 [info] [Info  - 8:55:40 a. m.] (2958) Found 1 source file
2025-04-17 08:55:40.510 [info] [Info  - 8:55:40 a. m.] (2958) Setting environmentName for service "mi_proyecto_api": "3.13.2 (env venv)"
2025-04-17 08:55:40.512 [info] [Info  - 8:55:40 a. m.] (2958) Setting pythonPath for service "mi_proyecto_api": "/home/HaroldUser/Desktop/mi_proyecto_api/env/bin/python"
2025-04-17 08:55:40.512 [info] [Info  - 8:55:40 a. m.] (2958) No include entries specified; assuming /home/HaroldUser/Desktop/mi_proyecto_api
2025-04-17 08:55:40.512 [info] [Info  - 8:55:40 a. m.] (2958) Auto-excluding **/node_modules
2025-04-17 08:55:40.513 [info] [Info  - 8:55:40 a. m.] (2958) Auto-excluding **/__pycache__
2025-04-17 08:55:40.513 [info] [Info  - 8:55:40 a. m.] (2958) Auto-excluding **/.*
2025-04-17 08:55:40.590 [info] [Info  - 8:55:40 a. m.] (2958) Assuming Python version 3.13.2.final.0
2025-04-17 08:55:40.801 [info] [Info  - 8:55:40 a. m.] (2958) Auto-excluding /home/HaroldUser/Desktop/mi_proyecto_api/env
2025-04-17 08:55:40.818 [info] [Info  - 8:55:40 a. m.] (2958) Found 1 source file
2025-04-17 08:55:42.928 [info] [Info  - 8:55:42 a. m.] (2958) BG: Priority queue background worker(2) root directory: file:///home/HaroldUser/.vscode/extensions/ms-python.vscode-pylance-2025.4.1/dist
2025-04-17 08:55:42.931 [info] [Info  - 8:55:42 a. m.] (2958) BG: Priority queue background worker(2) started
2025-04-17 08:55:43.459 [info] [Info  - 8:55:43 a. m.] (2958) BG: Indexer background runner(3) root directory: file:///home/HaroldUser/.vscode/extensions/ms-python.vscode-pylance-2025.4.1/dist (index)
2025-04-17 08:55:43.460 [info] [Info  - 8:55:43 a. m.] (2958) BG: Indexing(3) started
2025-04-17 08:55:45.247 [info] [Info  - 8:55:45 a. m.] (2958) BG: scanned(3) 44 files over 1 exec env
2025-04-17 08:55:45.665 [info] [Info  - 8:55:45 a. m.] (2958) BG: indexed(3) 44 files over 1 exec env
2025-04-17 08:55:45.735 [info] [Info  - 8:55:45 a. m.] (2958) BG: Indexing finished(3).
