2025-04-17 08:55:37.325 [info] Reading sessions from keychain...
2025-04-17 08:55:37.325 [info] Getting sessions for all scopes...
2025-04-17 08:55:37.326 [info] Getting sessions for all scopes...
2025-04-17 08:55:37.326 [info] Getting sessions for all scopes...
2025-04-17 08:55:37.326 [info] Getting sessions for all scopes...
2025-04-17 08:55:37.326 [info] Getting sessions for all scopes...
2025-04-17 08:55:37.326 [info] Getting sessions for all scopes...
2025-04-17 08:55:37.326 [info] Getting sessions for all scopes...
2025-04-17 08:55:37.326 [info] Got stored sessions!
2025-04-17 08:55:37.326 [info] Got 1 verified sessions.
2025-04-17 08:55:37.326 [info] Got 1 sessions for ...
2025-04-17 08:55:37.326 [info] Got 1 sessions for ...
2025-04-17 08:55:37.326 [info] Got 1 sessions for ...
2025-04-17 08:55:37.326 [info] Got 1 sessions for ...
2025-04-17 08:55:37.326 [info] Got 1 sessions for ...
2025-04-17 08:55:37.326 [info] Got 1 sessions for ...
2025-04-17 08:55:37.326 [info] Got 1 sessions for ...
2025-04-17 08:55:37.326 [info] Getting sessions for all scopes...
2025-04-17 08:55:37.326 [info] Got 1 sessions for ...
2025-04-17 08:55:37.326 [info] Getting sessions for all scopes...
2025-04-17 08:55:37.326 [info] Got 1 sessions for ...
2025-04-17 08:55:37.326 [info] Getting sessions for all scopes...
2025-04-17 08:55:37.326 [info] Got 1 sessions for ...
2025-04-17 08:55:38.059 [info] Getting sessions for read:user,repo,user:email,workflow...
2025-04-17 08:55:38.059 [info] Got 1 sessions for read:user,repo,user:email,workflow...
2025-04-17 08:55:38.764 [info] Getting sessions for read:user,repo,user:email,workflow...
2025-04-17 08:55:38.764 [info] Got 1 sessions for read:user,repo,user:email,workflow...
