2025-04-16 14:59:18.224 [info] Reading sessions from keychain...
2025-04-16 14:59:18.224 [info] Getting sessions for all scopes...
2025-04-16 14:59:18.224 [info] Getting sessions for all scopes...
2025-04-16 14:59:18.224 [info] Got stored sessions!
2025-04-16 14:59:18.224 [info] Got 1 verified sessions.
2025-04-16 14:59:18.224 [info] Got 1 sessions for ...
2025-04-16 14:59:18.224 [info] Got 1 sessions for ...
2025-04-16 14:59:18.224 [info] Getting sessions for all scopes...
2025-04-16 14:59:18.224 [info] Got 1 sessions for ...
2025-04-16 14:59:18.224 [info] Getting sessions for all scopes...
2025-04-16 14:59:18.224 [info] Got 1 sessions for ...
2025-04-16 14:59:18.224 [info] Getting sessions for all scopes...
2025-04-16 14:59:18.224 [info] Got 1 sessions for ...
2025-04-16 14:59:18.224 [info] Getting sessions for all scopes...
2025-04-16 14:59:18.224 [info] Got 1 sessions for ...
2025-04-16 14:59:18.224 [info] Getting sessions for all scopes...
2025-04-16 14:59:18.224 [info] Got 1 sessions for ...
2025-04-16 14:59:18.224 [info] Getting sessions for all scopes...
2025-04-16 14:59:18.224 [info] Got 1 sessions for ...
2025-04-16 14:59:18.475 [info] Getting sessions for all scopes...
2025-04-16 14:59:18.475 [info] Got 1 sessions for ...
2025-04-16 14:59:19.745 [info] Getting sessions for all scopes...
2025-04-16 14:59:19.745 [info] Got 1 sessions for ...
