2025-04-18 11:09:49.487 [info] Reading sessions from keychain...
2025-04-18 11:09:49.487 [info] Getting sessions for all scopes...
2025-04-18 11:09:49.487 [info] Getting sessions for all scopes...
2025-04-18 11:09:49.487 [info] Getting sessions for all scopes...
2025-04-18 11:09:49.487 [info] Got stored sessions!
2025-04-18 11:09:49.487 [info] Got 1 verified sessions.
2025-04-18 11:09:49.487 [info] Got 1 sessions for ...
2025-04-18 11:09:49.487 [info] Got 1 sessions for ...
2025-04-18 11:09:49.487 [info] Got 1 sessions for ...
2025-04-18 11:09:49.531 [info] Getting sessions for all scopes...
2025-04-18 11:09:49.531 [info] Got 1 sessions for ...
2025-04-18 11:09:49.532 [info] Getting sessions for all scopes...
2025-04-18 11:09:49.532 [info] Got 1 sessions for ...
2025-04-18 11:09:49.532 [info] Getting sessions for all scopes...
2025-04-18 11:09:49.532 [info] Got 1 sessions for ...
2025-04-18 11:09:49.533 [info] Getting sessions for all scopes...
2025-04-18 11:09:49.533 [info] Got 1 sessions for ...
2025-04-18 11:09:49.533 [info] Getting sessions for all scopes...
2025-04-18 11:09:49.533 [info] Got 1 sessions for ...
2025-04-18 11:09:51.402 [info] Getting sessions for all scopes...
2025-04-18 11:09:51.402 [info] Got 1 sessions for ...
2025-04-18 11:09:51.626 [info] Getting sessions for all scopes...
2025-04-18 11:09:51.626 [info] Got 1 sessions for ...
