2025-04-16 11:00:19.554 [info] [main] Log level: Info
2025-04-16 11:00:19.554 [info] [main] Validating found git in: "git"
2025-04-16 11:00:19.554 [info] [main] Using git "2.49.0" from "git"
2025-04-16 11:00:19.554 [info] [Model][doInitialScan] Initial repository scan started
2025-04-16 11:00:19.554 [info] > git rev-parse --show-toplevel [131ms]
2025-04-16 11:00:19.554 [info] fatal: not a git repository (or any of the parent directories): .git
2025-04-16 11:00:19.554 [info] > git rev-parse --show-toplevel [97ms]
2025-04-16 11:00:19.554 [info] fatal: not a git repository (or any of the parent directories): .git
2025-04-16 11:00:19.554 [info] > git rev-parse --show-toplevel [168ms]
2025-04-16 11:00:19.554 [info] fatal: not a git repository (or any of the parent directories): .git
2025-04-16 11:00:19.554 [info] [Model][doInitialScan] Initial repository scan completed - repositories (0), closed repositories (0), parent repositories (0), unsafe repositories (0)
2025-04-16 11:00:19.582 [info] > git rev-parse --show-toplevel [20ms]
2025-04-16 11:00:19.582 [info] fatal: not a git repository (or any of the parent directories): .git
2025-04-16 11:00:19.893 [info] > git rev-parse --show-toplevel [28ms]
2025-04-16 11:00:19.893 [info] fatal: not a git repository (or any of the parent directories): .git
2025-04-16 11:13:35.289 [info] > git rev-parse --show-toplevel [2ms]
2025-04-16 11:13:35.289 [info] fatal: not a git repository (or any of the parent directories): .git
2025-04-16 11:13:53.354 [info] > git rev-parse --show-toplevel [4ms]
2025-04-16 11:13:53.354 [info] fatal: not a git repository (or any of the parent directories): .git
2025-04-16 11:14:02.624 [info] > git rev-parse --show-toplevel [6ms]
2025-04-16 11:14:02.624 [info] fatal: not a git repository (or any of the parent directories): .git
2025-04-16 11:14:09.318 [info] > git rev-parse --show-toplevel [5ms]
2025-04-16 11:14:09.318 [info] fatal: not a git repository (or any of the parent directories): .git
2025-04-16 11:14:27.335 [info] > git rev-parse --show-toplevel [4ms]
2025-04-16 11:14:27.335 [info] fatal: not a git repository (or any of the parent directories): .git
2025-04-16 11:14:39.364 [info] > git rev-parse --show-toplevel [6ms]
2025-04-16 11:14:39.364 [info] fatal: not a git repository (or any of the parent directories): .git
