2025-04-18 11:08:18.702 [info] Reading sessions from keychain...
2025-04-18 11:08:18.702 [info] Getting sessions for all scopes...
2025-04-18 11:08:18.702 [info] Getting sessions for all scopes...
2025-04-18 11:08:18.702 [info] Getting sessions for all scopes...
2025-04-18 11:08:18.702 [info] Getting sessions for all scopes...
2025-04-18 11:08:18.702 [info] Getting sessions for all scopes...
2025-04-18 11:08:18.702 [info] Getting sessions for all scopes...
2025-04-18 11:08:18.702 [info] Getting sessions for all scopes...
2025-04-18 11:08:18.702 [info] Got stored sessions!
2025-04-18 11:08:18.702 [info] Got 1 verified sessions.
2025-04-18 11:08:18.702 [info] Got 1 sessions for ...
2025-04-18 11:08:18.702 [info] Got 1 sessions for ...
2025-04-18 11:08:18.702 [info] Got 1 sessions for ...
2025-04-18 11:08:18.702 [info] Got 1 sessions for ...
2025-04-18 11:08:18.702 [info] Got 1 sessions for ...
2025-04-18 11:08:18.702 [info] Got 1 sessions for ...
2025-04-18 11:08:18.702 [info] Got 1 sessions for ...
2025-04-18 11:08:18.702 [info] Getting sessions for all scopes...
2025-04-18 11:08:18.702 [info] Got 1 sessions for ...
2025-04-18 11:08:18.702 [info] Getting sessions for all scopes...
2025-04-18 11:08:18.702 [info] Got 1 sessions for ...
2025-04-18 11:08:18.702 [info] Getting sessions for all scopes...
2025-04-18 11:08:18.702 [info] Got 1 sessions for ...
2025-04-18 11:08:19.345 [info] Getting sessions for read:user,repo,user:email,workflow...
2025-04-18 11:08:19.346 [info] Got 1 sessions for read:user,repo,user:email,workflow...
2025-04-18 11:08:20.206 [info] Getting sessions for read:user,repo,user:email,workflow...
2025-04-18 11:08:20.206 [info] Got 1 sessions for read:user,repo,user:email,workflow...
