2025-04-16 17:39:12.674 [info] (Client) Pylance async client (2025.4.1) started with python extension (2025.4.0)
2025-04-16 17:39:13.957 [info] [Info  - 5:39:13 p. m.] (2043) Server root directory: file:///home/HaroldUser/.vscode/extensions/ms-python.vscode-pylance-2025.4.1/dist
2025-04-16 17:39:13.960 [info] [Info  - 5:39:13 p. m.] (2043) Pylance language server 2025.4.1 (pyright version 1.1.398, commit 4f24eccc) starting
2025-04-16 17:39:13.972 [info] [Info  - 5:39:13 p. m.] (2043) Starting service instance "mi_proyecto_api" for workspace "/home/HaroldUser/Desktop/mi_proyecto_api"
2025-04-16 17:39:14.208 [info] [Info  - 5:39:14 p. m.] (2043) Setting environmentName for service "mi_proyecto_api": "3.13.2 (env venv)"
2025-04-16 17:39:14.209 [info] [Info  - 5:39:14 p. m.] (2043) Setting pythonPath for service "mi_proyecto_api": "/home/HaroldUser/Desktop/mi_proyecto_api/env/bin/python"
2025-04-16 17:39:14.210 [info] [Info  - 5:39:14 p. m.] (2043) No include entries specified; assuming /home/HaroldUser/Desktop/mi_proyecto_api
2025-04-16 17:39:14.212 [info] [Info  - 5:39:14 p. m.] (2043) Auto-excluding **/node_modules
2025-04-16 17:39:14.212 [info] [Info  - 5:39:14 p. m.] (2043) Auto-excluding **/__pycache__
2025-04-16 17:39:14.212 [info] [Info  - 5:39:14 p. m.] (2043) Auto-excluding **/.*
2025-04-16 17:39:14.265 [info] [Info  - 5:39:14 p. m.] (2043) Assuming Python version 3.13.2.final.0
2025-04-16 17:39:14.556 [info] [Info  - 5:39:14 p. m.] (2043) Auto-excluding /home/HaroldUser/Desktop/mi_proyecto_api/env
2025-04-16 17:39:14.562 [info] [Info  - 5:39:14 p. m.] (2043) Found 1 source file
2025-04-16 17:39:14.613 [info] [Info  - 5:39:14 p. m.] (2043) Setting environmentName for service "mi_proyecto_api": "3.13.2 (env venv)"
2025-04-16 17:39:14.614 [info] [Info  - 5:39:14 p. m.] (2043) Setting pythonPath for service "mi_proyecto_api": "/home/HaroldUser/Desktop/mi_proyecto_api/env/bin/python"
2025-04-16 17:39:14.615 [info] [Info  - 5:39:14 p. m.] (2043) No include entries specified; assuming /home/HaroldUser/Desktop/mi_proyecto_api
2025-04-16 17:39:14.619 [info] [Info  - 5:39:14 p. m.] (2043) Auto-excluding **/node_modules
2025-04-16 17:39:14.621 [info] [Info  - 5:39:14 p. m.] (2043) Auto-excluding **/__pycache__
2025-04-16 17:39:14.623 [info] [Info  - 5:39:14 p. m.] (2043) Auto-excluding **/.*
2025-04-16 17:39:14.707 [info] [Info  - 5:39:14 p. m.] (2043) Assuming Python version 3.13.2.final.0
2025-04-16 17:39:14.925 [info] [Info  - 5:39:14 p. m.] (2043) Auto-excluding /home/HaroldUser/Desktop/mi_proyecto_api/env
2025-04-16 17:39:14.935 [info] [Info  - 5:39:14 p. m.] (2043) Found 1 source file
2025-04-16 17:39:16.335 [info] [Info  - 5:39:16 p. m.] (2043) BG: Priority queue background worker(2) root directory: file:///home/HaroldUser/.vscode/extensions/ms-python.vscode-pylance-2025.4.1/dist
2025-04-16 17:39:16.336 [info] [Info  - 5:39:16 p. m.] (2043) BG: Priority queue background worker(2) started
2025-04-16 17:51:49.724 [info] [Info  - 5:51:49 p. m.] (2043) BG: Indexer background runner(3) root directory: file:///home/HaroldUser/.vscode/extensions/ms-python.vscode-pylance-2025.4.1/dist (index)
2025-04-16 17:51:49.725 [info] [Info  - 5:51:49 p. m.] (2043) BG: Indexing(3) started
2025-04-16 17:51:51.083 [info] [Info  - 5:51:51 p. m.] (2043) BG: scanned(3) 44 files over 1 exec env
2025-04-16 17:51:51.499 [info] [Info  - 5:51:51 p. m.] (2043) BG: indexed(3) 44 files over 1 exec env
2025-04-16 17:51:51.557 [info] [Info  - 5:51:51 p. m.] (2043) BG: Indexing finished(3).
